# Logfile created on 2019-02-17 12:10:13 +0100 by logger.rb/61378
  INFO ---------------------------------------------------------------------------
  INFO START 2019-02-17 12:10:13 +0100 cap production deploy
  INFO ---------------------------------------------------------------------------
  INFO [d48f10f8] Running /usr/bin/env mkdir -p /tmp as keios@51.15.137.125
 DEBUG [d48f10f8] Command: /usr/bin/env mkdir -p /tmp
  INFO [3e158769] Finished in 0.622 seconds with exit status 0 (successful).
 DEBUG Uploading /tmp/git-ssh-jumpcloud-production-necros.sh 0.0%
  INFO Uploading /tmp/git-ssh-jumpcloud-production-necros.sh 100.0%
  INFO [9b8734b3] Running /usr/bin/env chmod 700 /tmp/git-ssh-jumpcloud-production-necros.sh as keios@51.15.137.125
 DEBUG [9b8734b3] Command: /usr/bin/env chmod 700 /tmp/git-ssh-jumpcloud-production-necros.sh
  INFO [d3db7501] Finished in 0.082 seconds with exit status 0 (successful).
  INFO [0fde37f7] Running /usr/bin/env git ls-remote https://github.com/CloudApiAuthentification/Jumpcloud_connect.git HEAD as keios@51.15.137.125
 DEBUG [0fde37f7] Command: ( export GIT_ASKPASS="/bin/echo" GIT_SSH="/tmp/git-ssh-jumpcloud-production-necros.sh" ; /usr/bin/env git ls-remote https://github.com/CloudApiAuthentification/Jumpcloud_connect.git HEAD )
 DEBUG [168ebd8c] 	e337317174be95f449d62e4e424a004a19907d8a	HEAD
  INFO [168ebd8c] Finished in 0.703 seconds with exit status 0 (successful).
  INFO [81bf8abf] Running /usr/bin/env mkdir -p /data/jumpcloud/shared /data/jumpcloud/releases as keios@51.15.137.125
 DEBUG [81bf8abf] Command: /usr/bin/env mkdir -p /data/jumpcloud/shared /data/jumpcloud/releases
  INFO [e2c61386] Finished in 0.085 seconds with exit status 0 (successful).
 DEBUG [c00a2673] Running [ -f /data/jumpcloud/current/REVISION ] as keios@51.15.137.125
 DEBUG [c00a2673] Command: [ -f /data/jumpcloud/current/REVISION ]
 DEBUG [758d1683] Finished in 0.075 seconds with exit status 1 (failed).
 DEBUG [972f3263] Running [ -f /data/jumpcloud/repo/HEAD ] as keios@51.15.137.125
 DEBUG [972f3263] Command: [ -f /data/jumpcloud/repo/HEAD ]
 DEBUG [eef00428] Finished in 0.076 seconds with exit status 1 (failed).
 DEBUG [7ac02f5e] Running if test ! -d /data/jumpcloud; then echo "Directory does not exist '/data/jumpcloud'" 1>&2; false; fi as keios@51.15.137.125
 DEBUG [7ac02f5e] Command: if test ! -d /data/jumpcloud; then echo "Directory does not exist '/data/jumpcloud'" 1>&2; false; fi
 DEBUG [23cf5225] Finished in 0.073 seconds with exit status 0 (successful).
  INFO [b48e41f0] Running /usr/bin/env git clone --mirror https://github.com/CloudApiAuthentification/Jumpcloud_connect.git /data/jumpcloud/repo as keios@51.15.137.125
 DEBUG [b48e41f0] Command: cd /data/jumpcloud && ( export GIT_ASKPASS="/bin/echo" GIT_SSH="/tmp/git-ssh-jumpcloud-production-necros.sh" ; /usr/bin/env git clone --mirror https://github.com/CloudApiAuthentification/Jumpcloud_connect.git /data/jumpcloud/repo )
 DEBUG [89405e7b] 	Cloning into bare repository '/data/jumpcloud/repo'...
  INFO [89405e7b] Finished in 1.794 seconds with exit status 0 (successful).
 DEBUG [c365bc78] Running if test ! -d /data/jumpcloud/repo; then echo "Directory does not exist '/data/jumpcloud/repo'" 1>&2; false; fi as keios@51.15.137.125
 DEBUG [c365bc78] Command: if test ! -d /data/jumpcloud/repo; then echo "Directory does not exist '/data/jumpcloud/repo'" 1>&2; false; fi
 DEBUG [d7635373] Finished in 0.088 seconds with exit status 0 (successful).
  INFO [ef39e37e] Running /usr/bin/env git remote set-url origin https://github.com/CloudApiAuthentification/Jumpcloud_connect.git as keios@51.15.137.125
 DEBUG [ef39e37e] Command: cd /data/jumpcloud/repo && ( export GIT_ASKPASS="/bin/echo" GIT_SSH="/tmp/git-ssh-jumpcloud-production-necros.sh" ; /usr/bin/env git remote set-url origin https://github.com/CloudApiAuthentification/Jumpcloud_connect.git )
  INFO [739f74c6] Finished in 0.093 seconds with exit status 0 (successful).
  INFO [d63c7830] Running /usr/bin/env git remote update --prune as keios@51.15.137.125
 DEBUG [d63c7830] Command: cd /data/jumpcloud/repo && ( export GIT_ASKPASS="/bin/echo" GIT_SSH="/tmp/git-ssh-jumpcloud-production-necros.sh" ; /usr/bin/env git remote update --prune )
 DEBUG [2765712f] 	Fetching origin
  INFO [2765712f] Finished in 0.714 seconds with exit status 0 (successful).
 DEBUG [0222a721] Running if test ! -d /data/jumpcloud/repo; then echo "Directory does not exist '/data/jumpcloud/repo'" 1>&2; false; fi as keios@51.15.137.125
 DEBUG [0222a721] Command: if test ! -d /data/jumpcloud/repo; then echo "Directory does not exist '/data/jumpcloud/repo'" 1>&2; false; fi
 DEBUG [b3e20283] Finished in 0.075 seconds with exit status 0 (successful).
  INFO [acd33e9e] Running /usr/bin/env mkdir -p /data/jumpcloud/releases/20190217111015 as keios@51.15.137.125
 DEBUG [acd33e9e] Command: cd /data/jumpcloud/repo && ( export GIT_ASKPASS="/bin/echo" GIT_SSH="/tmp/git-ssh-jumpcloud-production-necros.sh" ; /usr/bin/env mkdir -p /data/jumpcloud/releases/20190217111015 )
  INFO [c96bf72a] Finished in 0.083 seconds with exit status 0 (successful).
  INFO [cdb2304b] Running /usr/bin/env git archive master | /usr/bin/env tar -x -f - -C /data/jumpcloud/releases/20190217111015 as keios@51.15.137.125
 DEBUG [cdb2304b] Command: cd /data/jumpcloud/repo && ( export GIT_ASKPASS="/bin/echo" GIT_SSH="/tmp/git-ssh-jumpcloud-production-necros.sh" ; /usr/bin/env git archive master | /usr/bin/env tar -x -f - -C /data/jumpcloud/releases/20190217111015 )
  INFO [562e43a4] Finished in 0.117 seconds with exit status 0 (successful).
 DEBUG [09ffe241] Running if test ! -d /data/jumpcloud/repo; then echo "Directory does not exist '/data/jumpcloud/repo'" 1>&2; false; fi as keios@51.15.137.125
 DEBUG [09ffe241] Command: if test ! -d /data/jumpcloud/repo; then echo "Directory does not exist '/data/jumpcloud/repo'" 1>&2; false; fi
 DEBUG [4646ab5a] Finished in 0.081 seconds with exit status 0 (successful).
 DEBUG [271c66a7] Running /usr/bin/env git rev-list --max-count=1 master as keios@51.15.137.125
 DEBUG [271c66a7] Command: cd /data/jumpcloud/repo && ( export GIT_ASKPASS="/bin/echo" GIT_SSH="/tmp/git-ssh-jumpcloud-production-necros.sh" ; /usr/bin/env git rev-list --max-count=1 master )
 DEBUG [5bff33bc] 	e337317174be95f449d62e4e424a004a19907d8a
 DEBUG [5bff33bc] Finished in 0.082 seconds with exit status 0 (successful).
 DEBUG [9f5dd628] Running if test ! -d /data/jumpcloud/releases/20190217111015; then echo "Directory does not exist '/data/jumpcloud/releases/20190217111015'" 1>&2; false; fi as keios@51.15.137.125
 DEBUG [9f5dd628] Command: if test ! -d /data/jumpcloud/releases/20190217111015; then echo "Directory does not exist '/data/jumpcloud/releases/20190217111015'" 1>&2; false; fi
 DEBUG [ae357efe] Finished in 0.079 seconds with exit status 0 (successful).
  INFO [41a380bd] Running /usr/bin/env echo "e337317174be95f449d62e4e424a004a19907d8a" > REVISION as keios@51.15.137.125
 DEBUG [41a380bd] Command: cd /data/jumpcloud/releases/20190217111015 && /usr/bin/env echo "e337317174be95f449d62e4e424a004a19907d8a" > REVISION
  INFO [2f5d36fa] Finished in 0.079 seconds with exit status 0 (successful).
  INFO [1fbfd8be] Running /usr/bin/env ln -s /data/jumpcloud/releases/20190217111015 /data/jumpcloud/releases/current as keios@51.15.137.125
 DEBUG [1fbfd8be] Command: /usr/bin/env ln -s /data/jumpcloud/releases/20190217111015 /data/jumpcloud/releases/current
  INFO [1466fdd7] Finished in 0.077 seconds with exit status 0 (successful).
  INFO [a1836ba3] Running /usr/bin/env mv /data/jumpcloud/releases/current /data/jumpcloud as keios@51.15.137.125
 DEBUG [a1836ba3] Command: /usr/bin/env mv /data/jumpcloud/releases/current /data/jumpcloud
  INFO [bd4ec538] Finished in 0.081 seconds with exit status 0 (successful).
 DEBUG [89f09dad] Running /usr/bin/env ls -x /data/jumpcloud/releases as keios@51.15.137.125
 DEBUG [89f09dad] Command: /usr/bin/env ls -x /data/jumpcloud/releases
 DEBUG [d958d080] 	20190217111015
 DEBUG [d958d080] Finished in 0.081 seconds with exit status 0 (successful).
 DEBUG [2f669c63] Running if test ! -d /data/jumpcloud/releases; then echo "Directory does not exist '/data/jumpcloud/releases'" 1>&2; false; fi as keios@51.15.137.125
 DEBUG [2f669c63] Command: if test ! -d /data/jumpcloud/releases; then echo "Directory does not exist '/data/jumpcloud/releases'" 1>&2; false; fi
 DEBUG [79e2b9b7] Finished in 0.081 seconds with exit status 0 (successful).
  INFO [59719df3] Running /usr/bin/env echo "Branch master (at e337317174be95f449d62e4e424a004a19907d8a) deployed as release 20190217111015 by necros" >> /data/jumpcloud/revisions.log as keios@51.15.137.125
 DEBUG [59719df3] Command: cd /data/jumpcloud/releases && /usr/bin/env echo "Branch master (at e337317174be95f449d62e4e424a004a19907d8a) deployed as release 20190217111015 by necros" >> /data/jumpcloud/revisions.log
  INFO [928650e6] Finished in 0.078 seconds with exit status 0 (successful).
  INFO [acdb8611] Running cd '/data/jumpcloud/releases/20190217111015'; shards install as keios@51.15.137.125
 DEBUG [acdb8611] Command: cd '/data/jumpcloud/releases/20190217111015'; shards install
 DEBUG [df1c9f89] 	[92mFetching[0m https://github.com/amberframework/amber.git
 DEBUG [df1c9f89] 	[92mFetching[0m https://github.com/amberframework/amber-router.git
 DEBUG [df1c9f89] 	[92mFetching[0m https://github.com/mosop/cli.git
 DEBUG [df1c9f89] 	[92mFetching[0m https://github.com/mosop/optarg.git
 DEBUG [df1c9f89] 	[92mFetching[0m https://github.com/mosop/callback.git
 DEBUG [df1c9f89] 	[92mFetching[0m https://github.com/mosop/string_inflection.git
 DEBUG [df1c9f89] 	[92mFetching[0m https://github.com/elorest/compiled_license.git
 DEBUG [df1c9f89] 	[92mFetching[0m https://github.com/jeromegn/kilt.git
 DEBUG [df1c9f89] 	[92mFetching[0m https://github.com/TechMagister/liquid.cr.git
 DEBUG [df1c9f89] 	[92mFetching[0m https://github.com/phoffer/inflector.cr.git
 DEBUG [df1c9f89] 	[92mFetching[0m https://github.com/amberframework/micrate.git
 DEBUG [df1c9f89] 	[92mFetching[0m https://github.com/crystal-lang/crystal-db.git
 DEBUG [df1c9f89] 	[92mFetching[0m https://github.com/crystal-lang/crystal-mysql.git
 DEBUG [df1c9f89] 	[92mFetching[0m https://github.com/will/crystal-pg.git
 DEBUG [df1c9f89] 	[92mFetching[0m https://github.com/stefanwille/crystal-redis.git
 DEBUG [df1c9f89] 	[92mFetching[0m https://github.com/ysbaddaden/pool.git
 DEBUG [df1c9f89] 	[92mFetching[0m https://github.com/luckyframework/shell-table.cr.git
 DEBUG [df1c9f89] 	[92mFetching[0m https://github.com/jeromegn/slang.git
 DEBUG [df1c9f89] 	[92mFetching[0m https://github.com/crystal-lang/crystal-sqlite3.git
 DEBUG [df1c9f89] 	[92mFetching[0m https://github.com/mosop/teeplate.git
 DEBUG [df1c9f89] 	[92mFetching[0m https://github.com/crystal-loot/exception_page.git
 DEBUG [df1c9f89] 	[92mFetching[0m https://github.com/amberframework/granite.git
 DEBUG [df1c9f89] 	[92mFetching[0m https://github.com/amberframework/quartz-mailer.git
 DEBUG [df1c9f89] 	[92mFetching[0m https://github.com/arcage/crystal-email.git
 DEBUG [df1c9f89] 	[92mFetching[0m https://github.com/amberframework/jasper-helpers.git
 DEBUG [df1c9f89] 	[92mFetching[0m https://github.com/amberframework/citrine-i18n.git
 DEBUG [df1c9f89] 	[92mFetching[0m https://github.com/TechMagister/i18n.cr.git
 DEBUG [df1c9f89] 	[92mFetching[0m https://github.com/alex-lairan/orchestrator-crystal.git
 DEBUG [df1c9f89] 	[92mFetching[0m https://github.com/alex-lairan/monads.git
 DEBUG [df1c9f89] 	[92mFetching[0m https://github.com/drum445/dotenv.git
 DEBUG [df1c9f89] 	[92mFetching[0m https://github.com/amberframework/garnet-spec.git
 DEBUG [df1c9f89] 	[92mFetching[0m https://github.com/ysbaddaden/selenium-webdriver-crystal.git
 DEBUG [df1c9f89] 	[92mFetching[0m https://github.com/veelenga/ameba.git
 DEBUG [df1c9f89] 	[92mInstalling[0m amber (0.11.3)
 DEBUG [df1c9f89] 	[92mInstalling[0m amber_router (0.2.1)
 DEBUG [df1c9f89] 	[92mInstalling[0m cli (0.7.0)
 DEBUG [df1c9f89] 	[92mInstalling[0m optarg (0.5.8)
 DEBUG [df1c9f89] 	[92mInstalling[0m callback (0.6.3)
 DEBUG [df1c9f89] 	[92mInstalling[0m string_inflection (0.2.1)
 DEBUG [df1c9f89] 	[92mInstalling[0m compiled_license (0.1.3)
 DEBUG [df1c9f89] 	[92mInstalling[0m kilt (0.4.0)
 DEBUG [df1c9f89] 	[92mInstalling[0m liquid (0.3.0)
 DEBUG [df1c9f89] 	[92mInstalling[0m inflector (0.1.8)
 DEBUG [df1c9f89] 	[92mInstalling[0m micrate (0.3.3)
 DEBUG [df1c9f89] 	[92mInstalling[0m db (0.5.1)
 DEBUG [df1c9f89] 	[92mInstalling[0m mysql (0.5.1)
 DEBUG [df1c9f89] 	[92mInstalling[0m pg (0.15.0)
 DEBUG [df1c9f89] 	[92mInstalling[0m redis (2.0.0)
 DEBUG [df1c9f89] 	[92mInstalling[0m pool (0.2.3)
 DEBUG [df1c9f89] 	[92mInstalling[0m shell-table (0.9.2 at 078a04ea58ead5203bb435a3b5fff448ddabaeea)
 DEBUG [df1c9f89] 	[92mInstalling[0m slang (1.7.1)
 DEBUG [df1c9f89] 	[92mInstalling[0m sqlite3 (0.10.0)
 DEBUG [df1c9f89] 	[92mInstalling[0m teeplate (0.7.0)
 DEBUG [df1c9f89] 	[92mInstalling[0m exception_page (0.1.2)
 DEBUG [df1c9f89] 	[92mInstalling[0m granite (0.14.2)
 DEBUG [df1c9f89] 	[92mInstalling[0m quartz_mailer (0.5.3)
 DEBUG [df1c9f89] 	[92mInstalling[0m email (0.3.3)
 DEBUG [df1c9f89] 	[92mInstalling[0m jasper_helpers (0.2.4)
 DEBUG [df1c9f89] 	[92mInstalling[0m citrine-i18n (0.3.2)
 DEBUG [df1c9f89] 	[92mInstalling[0m i18n (0.2.0)
 DEBUG [df1c9f89] 	[92mInstalling[0m orchestrator (0.3.0 at master)
 DEBUG [df1c9f89] 	[92mInstalling[0m monads (1.0.0 at HEAD)
 DEBUG [df1c9f89] 	[92mInstalling[0m dotenv (0.3.0)
 DEBUG [df1c9f89] 	[92mInstalling[0m garnet_spec (0.2.1)
 DEBUG [df1c9f89] 	[92mInstalling[0m selenium (0.4.0)
 DEBUG [df1c9f89] 	[92mInstalling[0m ameba (0.9.0)
 DEBUG [df1c9f89] 	[92mPostinstall[0m make bin
  INFO [df1c9f89] Finished in 66.238 seconds with exit status 0 (successful).
  INFO [ae54b7ad] Running cd '/data/jumpcloud/releases/20190217111015'; crystal build --release src/lairan_website.cr as keios@51.15.137.125
 DEBUG [ae54b7ad] Command: cd '/data/jumpcloud/releases/20190217111015'; crystal build --release src/lairan_website.cr
 DEBUG [71d9788c] 	[31;1mError: [0m[1mFile src/lairan_website.cr does not exist[0m
